<?xml version="1.0" encoding="UTF-8"?>
<testsuite xmlns:xsi="http://www.w3.org/2001/XMLSchema-instance" xsi:noNamespaceSchemaLocation="https://maven.apache.org/surefire/maven-surefire-plugin/xsd/surefire-test-report.xsd" name="puertoricotr.RunCucumberTest" time="0.009" tests="3" errors="3" skipped="0" failures="0">
  <properties>
[...]
</properties>
  <testcase name="Pas de choix par défaut" classname="puertoricotr.RunCucumberTest" time="0.003">
    <error type="java.lang.NullPointerException">java.lang.NullPointerException
</error>
    <system-out><![CDATA[Fonctionnalité: Choisir un rôle

  Contexte:                                                    &amp#27;[90m# src/test/resources/features/Bot.feature:4&amp#27;[0m
    &amp#27;[31mEtant donné &amp#27;[0m&amp#27;[31mun joueur du nom de &amp#27;[0m&amp#27;[31m&amp#27;[1m"Joueur 1"&amp#27;[0m                 &amp#27;[90m# ChoixRoleStepDefs.java:24&amp#27;[0m
      &amp#27;[31mjava.lang.NullPointerException
	at puertoricotr.ChoixRoleStepDefs.lambda$new$0(ChoixRoleStepDefs.java:27)
	at ?.un joueur du nom de "Joueur 1"(file:src/test/resources/features/Bot.feature:5)
&amp#27;[0m
    &amp#27;[36mEt &amp#27;[0m&amp#27;[36mune liste de rôle &amp#27;[0m&amp#27;[36m&amp#27;[1m"Chercheur d'or"&amp#27;[0m&amp#27;[36m, &amp#27;[0m&amp#27;[36m&amp#27;[1m"Paysan"&amp#27;[0m&amp#27;[36m et &amp#27;[0m&amp#27;[36m&amp#27;[1m"Maire"&amp#27;[0m &amp#27;[90m# ChoixRoleStepDefs.java:30&amp#27;[0m

  Scénario: Pas de choix par défaut                        &amp#27;[90m# src/test/resources/features/Bot.feature:8&amp#27;[0m
    &amp#27;[36mQuand &amp#27;[0m&amp#27;[36m&amp#27;[0m&amp#27;[36m&amp#27;[1m"Joueur 1"&amp#27;[0m&amp#27;[36m choisi le personnage &amp#27;[0m&amp#27;[36m&amp#27;[1m"Chercheur d'or"&amp#27;[0m &amp#27;[90m# ChoixRoleStepDefs.java:37&amp#27;[0m
    &amp#27;[36mAlors &amp#27;[0m&amp#27;[36mle &amp#27;[0m&amp#27;[36m&amp#27;[1m"Joueur 1"&amp#27;[0m&amp#27;[36m gagne &amp#27;[0m&amp#27;[36m&amp#27;[1m1&amp#27;[0m&amp#27;[36m doublon&amp#27;[0m                    &amp#27;[90m# ChoixRoleStepDefs.java:45&amp#27;[0m
    &amp#27;[36mEt &amp#27;[0m&amp#27;[36mle role &amp#27;[0m&amp#27;[36m&amp#27;[1m"Chercheur d'or"&amp#27;[0m&amp#27;[36m est supprimer de la liste&amp#27;[0m  &amp#27;[90m# ChoixRoleStepDefs.java:54&amp#27;[0m
]]></system-out>
  </testcase>
  <testcase name="Choix d&apos;un bâtiment" classname="puertoricotr.RunCucumberTest" time="0.003">
    <error type="java.lang.NullPointerException">java.lang.NullPointerException
</error>
    <system-out><![CDATA[
Fonctionnalité: Choisir un Batiment

  Contexte:                                                                                                                                                                                     &amp#27;[90m# src/test/resources/features/ChoixBatiment.feature:6&amp#27;[0m
    &amp#27;[31mEtant donné &amp#27;[0m&amp#27;[31mle joueur du nom de &amp#27;[0m&amp#27;[31m&amp#27;[1m"Joueur 1"&amp#27;[0m                                                                                                                                                  &amp#27;[90m# ChoixBatimentStepDefs.java:46&amp#27;[0m
      &amp#27;[31mjava.lang.NullPointerException
	at puertoricotr.ChoixBatimentStepDefs.lambda$new$0(ChoixBatimentStepDefs.java:48)
	at ?.le joueur du nom de "Joueur 1"(file:src/test/resources/features/ChoixBatiment.feature:8)
&amp#27;[0m
    &amp#27;[36mEt &amp#27;[0m&amp#27;[36mla liste de batiments de productions &amp#27;[0m&amp#27;[36m&amp#27;[1m"Raffinerie de sucre"&amp#27;[0m&amp#27;[36m, &amp#27;[0m&amp#27;[36m&amp#27;[1m"Brulerie de cafe"&amp#27;[0m&amp#27;[36m, &amp#27;[0m&amp#27;[36m&amp#27;[1m"Sechoir a tabac"&amp#27;[0m&amp#27;[36m, &amp#27;[0m&amp#27;[36m&amp#27;[1m"Teinturerie d'indigo"&amp#27;[0m&amp#27;[36m, &amp#27;[0m&amp#27;[36m&amp#27;[1m"Petite raffinerie de sucre"&amp#27;[0m&amp#27;[36m et &amp#27;[0m&amp#27;[36m&amp#27;[1m"Petite teinturerie d'indigo"&amp#27;[0m &amp#27;[90m# ChoixBatimentStepDefs.java:64&amp#27;[0m

  Scénario: Choix d'un bâtiment                                       &amp#27;[90m# src/test/resources/features/ChoixBatiment.feature:11&amp#27;[0m
    &amp#27;[36mQuand &amp#27;[0m&amp#27;[36mle &amp#27;[0m&amp#27;[36m&amp#27;[1m"Joueur 1"&amp#27;[0m&amp#27;[36m choisi le role &amp#27;[0m&amp#27;[36m&amp#27;[1m"Batisseur"&amp#27;[0m                    &amp#27;[90m# ChoixBatimentStepDefs.java:90&amp#27;[0m
    &amp#27;[36mAlors &amp#27;[0m&amp#27;[36mle &amp#27;[0m&amp#27;[36m&amp#27;[1m"Joueur 1"&amp#27;[0m&amp#27;[36m choisi un batiment parmi la liste de batiment&amp#27;[0m &amp#27;[90m# ChoixBatimentStepDefs.java:100&amp#27;[0m
    &amp#27;[36mEt &amp#27;[0m&amp#27;[36mle batiment choisi est ajoute a son plateau&amp#27;[0m                    &amp#27;[90m# ChoixBatimentStepDefs.java:110&amp#27;[0m
    &amp#27;[36mEt &amp#27;[0m&amp#27;[36mle batiment choisi est retire de la liste&amp#27;[0m                      &amp#27;[90m# ChoixBatimentStepDefs.java:115&amp#27;[0m
]]></system-out>
  </testcase>
  <testcase name="Choix d&apos;une plantation" classname="puertoricotr.RunCucumberTest" time="0.003">
    <error type="java.lang.NullPointerException">java.lang.NullPointerException
</error>
    <system-out><![CDATA[
Fonctionnalité: Choisir une Plantation

  Contexte:                                                                &amp#27;[90m# src/test/resources/features/choixPlantation.feature:6&amp#27;[0m
    &amp#27;[31mEtant donné &amp#27;[0m&amp#27;[31mun autre joueur du nom de &amp#27;[0m&amp#27;[31m&amp#27;[1m"Joueur 1"&amp#27;[0m                       &amp#27;[90m# ChoixPlantationStepDefs.java:46&amp#27;[0m
      &amp#27;[31mjava.lang.NullPointerException
	at puertoricotr.ChoixPlantationStepDefs.lambda$new$0(ChoixPlantationStepDefs.java:53)
	at ?.un autre joueur du nom de "Joueur 1"(file:src/test/resources/features/choixPlantation.feature:8)
&amp#27;[0m
    &amp#27;[36mEt &amp#27;[0m&amp#27;[36mla liste de plantation &amp#27;[0m&amp#27;[36m&amp#27;[1m"Cafe"&amp#27;[0m&amp#27;[36m, &amp#27;[0m&amp#27;[36m&amp#27;[1m"Sucre"&amp#27;[0m&amp#27;[36m, &amp#27;[0m&amp#27;[36m&amp#27;[1m"Indigo"&amp#27;[0m&amp#27;[36m, &amp#27;[0m&amp#27;[36m&amp#27;[1m"Mais"&amp#27;[0m&amp#27;[36m et &amp#27;[0m&amp#27;[36m&amp#27;[1m"Tabac"&amp#27;[0m &amp#27;[90m# ChoixPlantationStepDefs.java:65&amp#27;[0m

  Scénario: Choix d'une plantation                                         &amp#27;[90m# src/test/resources/features/choixPlantation.feature:11&amp#27;[0m
    &amp#27;[36mQuand &amp#27;[0m&amp#27;[36mle &amp#27;[0m&amp#27;[36m&amp#27;[1m"Joueur 1"&amp#27;[0m&amp#27;[36m choisi un role &amp#27;[0m&amp#27;[36m&amp#27;[1m"Paysan"&amp#27;[0m                            &amp#27;[90m# ChoixPlantationStepDefs.java:86&amp#27;[0m
    &amp#27;[36mAlors &amp#27;[0m&amp#27;[36mle &amp#27;[0m&amp#27;[36m&amp#27;[1m"Joueur 1"&amp#27;[0m&amp#27;[36m choisi une plantation parmi la liste de plantation&amp#27;[0m &amp#27;[90m# ChoixPlantationStepDefs.java:97&amp#27;[0m
    &amp#27;[36mEt &amp#27;[0m&amp#27;[36mla plantation choisie est ajoutee a son plateau&amp#27;[0m                     &amp#27;[90m# ChoixPlantationStepDefs.java:108&amp#27;[0m
    &amp#27;[36mEt &amp#27;[0m&amp#27;[36mla plantation choisie est retiree de la liste&amp#27;[0m                       &amp#27;[90m# ChoixPlantationStepDefs.java:113&amp#27;[0m
]]></system-out>
  </testcase>
</testsuite>